-------------------------------------------------------------------------------
Test set: cucumber.Options.TestRunnerFFIT
-------------------------------------------------------------------------------
Tests run: 1, Failures: 0, Errors: 1, Skipped: 0, Time elapsed: 0.002 s <<< FAILURE! - in cucumber.Options.TestRunnerFFIT
cucumber.Options.TestRunnerFFIT.initializationError  Time elapsed: 0.002 s  <<< ERROR!
org.junit.runners.model.InvalidTestClassError: 
Invalid test class 'cucumber.Options.TestRunnerFFIT':
  1. Method penis() should be static

