<?xml version="1.0" encoding="UTF-8" ?>
<testsuite tests="14" failures="0" name="cucumber.Options.TestRunner" time="82.958" errors="0" skipped="0">
  <properties>
[...]
</properties>
  <testcase classname="Mealcards" name="User created mealcards are assigned appropriate names" time="2.739"/>
  <testcase classname="Mealcards" name="User created mealcards are assigned appropriate names" time="0.268"/>
  <testcase classname="Mealcards" name="User created mealcards are assigned appropriate names" time="0.262"/>
  <testcase classname="Mealcards" name="User saves mealcards and retrieves them" time="0.338"/>
  <testcase classname="(A description)" name="(A description)" time="0.004"/>
  <testcase classname="Manipulating mealcards at DOM level" name="User creates two mealcards and saves them" time="13.637"/>
  <testcase classname="Manipulating mealcards at DOM level" name="User creates two mealcards and saves them" time="10.764"/>
  <testcase classname="Manipulating mealcards at DOM level" name="User creates two mealcards and saves them" time="10.479"/>
  <testcase classname="Manipulating mealcards at DOM level" name="User can add and remove mealcard at DOM level" time="13.018"/>
  <testcase classname="Manipulating mealcards at DOM level" name="User retrieves 3 mealcards removes middle one and adds another" time="11.714"/>
  <testcase classname="A description" name="A scenario" time="0.004"/>
  <testcase classname="UserLogin" name="User cannot pick a date without logging in" time="6.66"/>
  <testcase classname="UserLogin" name="User logs in with valid credentials" time="6.225"/>
  <testcase classname="UserLogin" name="User logs in and logs out successfully" time="6.846"/>
</testsuite>