<?xml version="1.0" encoding="UTF-8"?>
<testsuite xmlns:xsi="http://www.w3.org/2001/XMLSchema-instance" xsi:noNamespaceSchemaLocation="https://maven.apache.org/surefire/maven-surefire-plugin/xsd/surefire-test-report-3.0.xsd" version="3.0" name="UserLogin" time="23.698" tests="4" errors="0" skipped="0" failures="0">
  <properties>
[...]
</properties>
  <testcase name="User tries to pick a date without logging in" classname="UserLogin" time="6.083"/>
  <testcase name="User logs in with valid credentials" classname="UserLogin" time="5.292"/>
  <testcase name="User logs in and logs out successfully" classname="UserLogin" time="5.593"/>
  <testcase name="User does not see the logout button without being logged in" classname="UserLogin" time="6.73"/>
</testsuite>