<?xml version="1.0" encoding="UTF-8"?>
<testsuite xmlns:xsi="http://www.w3.org/2001/XMLSchema-instance" xsi:noNamespaceSchemaLocation="https://maven.apache.org/surefire/maven-surefire-plugin/xsd/surefire-test-report-3.0.xsd" version="3.0" name="Manipulating mealcards at DOM level" time="104.718" tests="9" errors="2" skipped="0" failures="0">
  <properties>
[...]
</properties>
  <testcase name="User creates two mealcards and saves them" classname="Manipulating mealcards at DOM level" time="13.542"/>
  <testcase name="User creates two mealcards and saves them" classname="Manipulating mealcards at DOM level" time="10.434"/>
  <testcase name="User creates two mealcards and saves them" classname="Manipulating mealcards at DOM level" time="10.431"/>
  <testcase name="User can add and remove mealcard at DOM level" classname="Manipulating mealcards at DOM level" time="12.946"/>
  <testcase name="User retrieves 3 mealcards removes middle one and adds another" classname="Manipulating mealcards at DOM level" time="11.31"/>
  <testcase name="User chooses ingredients and adds them to lunch mealcard" classname="Manipulating mealcards at DOM level" time="15.085">
    <error message="Cannot locate option with index: 0&#10;For documentation on this error, please visit: https://selenium.dev/exceptions/#no_such_element&#10;Build info: version: &apos;4.0.0-alpha-5&apos;, revision: &apos;b3a0d621cc&apos;&#10;System info: host: &apos;DESKTOP-KVHF9QD&apos;, ip: &apos;172.24.48.1&apos;, os.name: &apos;Windows 10&apos;, os.arch: &apos;amd64&apos;, os.version: &apos;10.0&apos;, java.version: &apos;11.0.7&apos;&#10;Driver info: driver.version: unknown" type="org.openqa.selenium.NoSuchElementException"><![CDATA[org.openqa.selenium.NoSuchElementException: 
Cannot locate option with index: 0
For documentation on this error, please visit: https://selenium.dev/exceptions/#no_such_element
Build info: version: '4.0.0-alpha-5', revision: 'b3a0d621cc'
System info: host: 'DESKTOP-KVHF9QD', ip: '172.24.48.1', os.name: 'Windows 10', os.arch: 'amd64', os.version: '10.0', java.version: '11.0.7'
Driver info: driver.version: unknown
]]></error>
    <system-out><![CDATA[2021
2
]]></system-out>
    <system-err><![CDATA[1616166075558	mozrunner::runner	INFO	Running command: "C:\\Program Files\\Mozilla Firefox\\firefox.exe" "-marionette" "-headless" "-foreground" "-no-remote" "-profile" "C:\\Users\\hithg\\AppData\\Local\\Temp\\rust_mozprofile7YBhQt"
*** You are running in headless mode.
1616166075832	addons.webextension.doh-rollout@mozilla.org	WARN	Loading extension 'doh-rollout@mozilla.org': Reading manifest: Invalid extension permission: networkStatus
1616166075921	addons.webextension.screenshots@mozilla.org	WARN	Loading extension 'screenshots@mozilla.org': Reading manifest: Invalid extension permission: mozillaAddons
1616166075921	addons.webextension.screenshots@mozilla.org	WARN	Loading extension 'screenshots@mozilla.org': Reading manifest: Invalid extension permission: telemetry
1616166075921	addons.webextension.screenshots@mozilla.org	WARN	Loading extension 'screenshots@mozilla.org': Reading manifest: Invalid extension permission: resource://pdf.js/
1616166075921	addons.webextension.screenshots@mozilla.org	WARN	Loading extension 'screenshots@mozilla.org': Reading manifest: Invalid extension permission: about:reader*
JavaScript error: resource://gre/modules/XULStore.jsm, line 66: Error: Can't find profile directory.
1616166077088	Marionette	INFO	Listening on port 55766
1616166077099	Marionette	WARN	TLS certificate errors will be ignored for this session
mar 19, 2021 4:01:17 PM org.openqa.selenium.remote.ProtocolHandshake createSession
INFO: Detected dialect: W3C
JavaScript error: http://hithgor.usermd.net/static/caloriestracker.js, line 519: TypeError: toggleStats is null
JavaScript error: http://hithgor.usermd.net/static/caloriesUserStats.js, line 102: TypeError: toggleStatsBtn is null
JavaScript error: http://hithgor.usermd.net/static/caloriestracker.js, line 525: TypeError: toggleLogin is null
JavaScript error: http://hithgor.usermd.net/static/Datepicker-master/datepicker.js, line 51: TypeError: e.path is undefined
JavaScript error: http://hithgor.usermd.net/static/Datepicker-master/datepicker.js, line 51: TypeError: e.path is undefined
JavaScript error: http://hithgor.usermd.net/static/Datepicker-master/datepicker.js, line 51: TypeError: e.path is undefined
1616166089255	Marionette	INFO	Stopped listening on port 55766
]]></system-err>
  </testcase>
  <testcase name="User removes ingredient from a mealcard" classname="Manipulating mealcards at DOM level" time="11.38">
    <error message="Unable to locate element: //span[@id=&apos;2539190-Eggs, Grade A, Large, egg white&apos;]&#10;For documentation on this error, please visit: https://selenium.dev/exceptions/#no_such_element&#10;Build info: version: &apos;4.0.0-alpha-5&apos;, revision: &apos;b3a0d621cc&apos;&#10;System info: host: &apos;DESKTOP-KVHF9QD&apos;, ip: &apos;172.24.48.1&apos;, os.name: &apos;Windows 10&apos;, os.arch: &apos;amd64&apos;, os.version: &apos;10.0&apos;, java.version: &apos;11.0.7&apos;&#10;Driver info: org.openqa.selenium.firefox.FirefoxDriver&#10;Capabilities {acceptInsecureCerts: true, browserName: firefox, browserVersion: 72.0.2, javascriptEnabled: true, moz:accessibilityChecks: false, moz:buildID: 20200117190643, moz:geckodriverVersion: 0.26.0, moz:headless: true, moz:processID: 4408, moz:profile: C:\Users\hithg\AppData\Loca..., moz:shutdownTimeout: 60000, moz:useNonSpecCompliantPointerOrigin: false, moz:webdriverClick: true, pageLoadStrategy: normal, platform: WINDOWS, platformName: WINDOWS, platformVersion: 10.0, rotatable: false, setWindowRect: true, strictFileInteractability: false, timeouts: {implicit: 0, pageLoad: 300000, script: 30000}, unhandledPromptBehavior: dismiss and notify}&#10;Session ID: 3f52b71a-5e6a-41c4-9155-15a60c47aed9&#10;*** Element info: {Using=xpath, value=//span[@id=&apos;2539190-Eggs, Grade A, Large, egg white&apos;]}" type="org.openqa.selenium.NoSuchElementException"><![CDATA[org.openqa.selenium.NoSuchElementException: 
Unable to locate element: //span[@id='2539190-Eggs, Grade A, Large, egg white']
For documentation on this error, please visit: https://selenium.dev/exceptions/#no_such_element
Build info: version: '4.0.0-alpha-5', revision: 'b3a0d621cc'
System info: host: 'DESKTOP-KVHF9QD', ip: '172.24.48.1', os.name: 'Windows 10', os.arch: 'amd64', os.version: '10.0', java.version: '11.0.7'
Driver info: org.openqa.selenium.firefox.FirefoxDriver
Capabilities {acceptInsecureCerts: true, browserName: firefox, browserVersion: 72.0.2, javascriptEnabled: true, moz:accessibilityChecks: false, moz:buildID: 20200117190643, moz:geckodriverVersion: 0.26.0, moz:headless: true, moz:processID: 4408, moz:profile: C:\Users\hithg\AppData\Loca..., moz:shutdownTimeout: 60000, moz:useNonSpecCompliantPointerOrigin: false, moz:webdriverClick: true, pageLoadStrategy: normal, platform: WINDOWS, platformName: WINDOWS, platformVersion: 10.0, rotatable: false, setWindowRect: true, strictFileInteractability: false, timeouts: {implicit: 0, pageLoad: 300000, script: 30000}, unhandledPromptBehavior: dismiss and notify}
Session ID: 3f52b71a-5e6a-41c4-9155-15a60c47aed9
*** Element info: {Using=xpath, value=//span[@id='2539190-Eggs, Grade A, Large, egg white']}
]]></error>
    <system-out><![CDATA[2021
2
]]></system-out>
    <system-err><![CDATA[1616166090645	mozrunner::runner	INFO	Running command: "C:\\Program Files\\Mozilla Firefox\\firefox.exe" "-marionette" "-headless" "-foreground" "-no-remote" "-profile" "C:\\Users\\hithg\\AppData\\Local\\Temp\\rust_mozprofileUzs1Cx"
*** You are running in headless mode.
1616166090924	addons.webextension.doh-rollout@mozilla.org	WARN	Loading extension 'doh-rollout@mozilla.org': Reading manifest: Invalid extension permission: networkStatus
1616166091016	addons.webextension.screenshots@mozilla.org	WARN	Loading extension 'screenshots@mozilla.org': Reading manifest: Invalid extension permission: mozillaAddons
1616166091016	addons.webextension.screenshots@mozilla.org	WARN	Loading extension 'screenshots@mozilla.org': Reading manifest: Invalid extension permission: telemetry
1616166091016	addons.webextension.screenshots@mozilla.org	WARN	Loading extension 'screenshots@mozilla.org': Reading manifest: Invalid extension permission: resource://pdf.js/
1616166091016	addons.webextension.screenshots@mozilla.org	WARN	Loading extension 'screenshots@mozilla.org': Reading manifest: Invalid extension permission: about:reader*
JavaScript error: resource://gre/modules/XULStore.jsm, line 66: Error: Can't find profile directory.
1616166092336	Marionette	INFO	Listening on port 55861
1616166092688	Marionette	WARN	TLS certificate errors will be ignored for this session
mar 19, 2021 4:01:32 PM org.openqa.selenium.remote.ProtocolHandshake createSession
INFO: Detected dialect: W3C
JavaScript error: http://hithgor.usermd.net/static/caloriestracker.js, line 519: TypeError: toggleStats is null
JavaScript error: http://hithgor.usermd.net/static/caloriesUserStats.js, line 102: TypeError: toggleStatsBtn is null
JavaScript error: http://hithgor.usermd.net/static/caloriestracker.js, line 525: TypeError: toggleLogin is null
JavaScript error: http://hithgor.usermd.net/static/Datepicker-master/datepicker.js, line 51: TypeError: e.path is undefined
JavaScript error: http://hithgor.usermd.net/static/Datepicker-master/datepicker.js, line 51: TypeError: e.path is undefined
JavaScript error: http://hithgor.usermd.net/static/Datepicker-master/datepicker.js, line 51: TypeError: e.path is undefined
1616166100517	Marionette	INFO	Stopped listening on port 55861
]]></system-err>
  </testcase>
  <testcase name="User retrieves mealcards and checks sum of calories on each mealcard" classname="Manipulating mealcards at DOM level" time="8.571"/>
  <testcase name="User retrieves mealcards and checks sum of calories on each mealcard" classname="Manipulating mealcards at DOM level" time="11.019"/>
</testsuite>